<?xml version="1.0" encoding="UTF-8"?>
<testsuite xmlns:xsi="http://www.w3.org/2001/XMLSchema-instance" xsi:noNamespaceSchemaLocation="https://maven.apache.org/surefire/maven-surefire-plugin/xsd/surefire-test-report.xsd" name="com.valign.payroll_spring_backend.AppTest" time="0.002" tests="1" errors="0" skipped="0" failures="0">
  <properties>
    <property name="gopherProxySet" value="false"/>
    <property name="awt.toolkit" value="sun.lwawt.macosx.LWCToolkit"/>
    <property name="file.encoding.pkg" value="sun.io"/>
    <property name="java.specification.version" value="1.8"/>
    <property name="sun.cpu.isalist" value=""/>
    <property name="sun.jnu.encoding" value="UTF-8"/>
    <property name="java.class.path" value="/Users/rajeevalochanyagati/eclipse-workspace/payroll-spring-backend/target/test-classes:/Users/rajeevalochanyagati/eclipse-workspace/payroll-spring-backend/target/classes:/Users/rajeevalochanyagati/.m2/repository/org/springframework/boot/spring-boot-starter-data-mongodb-reactive/2.0.6.RELEASE/spring-boot-starter-data-mongodb-reactive-2.0.6.RELEASE.jar:/Users/rajeevalochanyagati/.m2/repository/org/springframework/boot/spring-boot-starter/2.0.6.RELEASE/spring-boot-starter-2.0.6.RELEASE.jar:/Users/rajeevalochanyagati/.m2/repository/org/springframework/boot/spring-boot/2.0.6.RELEASE/spring-boot-2.0.6.RELEASE.jar:/Users/rajeevalochanyagati/.m2/repository/org/springframework/boot/spring-boot-autoconfigure/2.0.6.RELEASE/spring-boot-autoconfigure-2.0.6.RELEASE.jar:/Users/rajeevalochanyagati/.m2/repository/org/springframework/boot/spring-boot-starter-logging/2.0.6.RELEASE/spring-boot-starter-logging-2.0.6.RELEASE.jar:/Users/rajeevalochanyagati/.m2/repository/ch/qos/logback/logback-classic/1.2.3/logback-classic-1.2.3.jar:/Users/rajeevalochanyagati/.m2/repository/ch/qos/logback/logback-core/1.2.3/logback-core-1.2.3.jar:/Users/rajeevalochanyagati/.m2/repository/org/apache/logging/log4j/log4j-to-slf4j/2.10.0/log4j-to-slf4j-2.10.0.jar:/Users/rajeevalochanyagati/.m2/repository/org/apache/logging/log4j/log4j-api/2.10.0/log4j-api-2.10.0.jar:/Users/rajeevalochanyagati/.m2/repository/org/slf4j/jul-to-slf4j/1.7.25/jul-to-slf4j-1.7.25.jar:/Users/rajeevalochanyagati/.m2/repository/javax/annotation/javax.annotation-api/1.3.2/javax.annotation-api-1.3.2.jar:/Users/rajeevalochanyagati/.m2/repository/org/yaml/snakeyaml/1.19/snakeyaml-1.19.jar:/Users/rajeevalochanyagati/.m2/repository/org/springframework/data/spring-data-mongodb/2.0.11.RELEASE/spring-data-mongodb-2.0.11.RELEASE.jar:/Users/rajeevalochanyagati/.m2/repository/org/springframework/spring-tx/5.0.10.RELEASE/spring-tx-5.0.10.RELEASE.jar:/Users/rajeevalochanyagati/.m2/repository/org/springframework/spring-context/5.0.10.RELEASE/spring-context-5.0.10.RELEASE.jar:/Users/rajeevalochanyagati/.m2/repository/org/springframework/spring-beans/5.0.10.RELEASE/spring-beans-5.0.10.RELEASE.jar:/Users/rajeevalochanyagati/.m2/repository/org/springframework/spring-expression/5.0.10.RELEASE/spring-expression-5.0.10.RELEASE.jar:/Users/rajeevalochanyagati/.m2/repository/org/springframework/data/spring-data-commons/2.0.11.RELEASE/spring-data-commons-2.0.11.RELEASE.jar:/Users/rajeevalochanyagati/.m2/repository/org/slf4j/slf4j-api/1.7.25/slf4j-api-1.7.25.jar:/Users/rajeevalochanyagati/.m2/repository/org/mongodb/mongodb-driver/3.6.4/mongodb-driver-3.6.4.jar:/Users/rajeevalochanyagati/.m2/repository/org/mongodb/bson/3.6.4/bson-3.6.4.jar:/Users/rajeevalochanyagati/.m2/repository/org/mongodb/mongodb-driver-core/3.6.4/mongodb-driver-core-3.6.4.jar:/Users/rajeevalochanyagati/.m2/repository/org/mongodb/mongodb-driver-async/3.6.4/mongodb-driver-async-3.6.4.jar:/Users/rajeevalochanyagati/.m2/repository/org/mongodb/mongodb-driver-reactivestreams/1.7.1/mongodb-driver-reactivestreams-1.7.1.jar:/Users/rajeevalochanyagati/.m2/repository/org/reactivestreams/reactive-streams/1.0.2/reactive-streams-1.0.2.jar:/Users/rajeevalochanyagati/.m2/repository/io/projectreactor/reactor-core/3.1.10.RELEASE/reactor-core-3.1.10.RELEASE.jar:/Users/rajeevalochanyagati/.m2/repository/org/springframework/boot/spring-boot-starter-web/2.0.6.RELEASE/spring-boot-starter-web-2.0.6.RELEASE.jar:/Users/rajeevalochanyagati/.m2/repository/org/springframework/boot/spring-boot-starter-json/2.0.6.RELEASE/spring-boot-starter-json-2.0.6.RELEASE.jar:/Users/rajeevalochanyagati/.m2/repository/com/fasterxml/jackson/datatype/jackson-datatype-jdk8/2.9.7/jackson-datatype-jdk8-2.9.7.jar:/Users/rajeevalochanyagati/.m2/repository/com/fasterxml/jackson/datatype/jackson-datatype-jsr310/2.9.7/jackson-datatype-jsr310-2.9.7.jar:/Users/rajeevalochanyagati/.m2/repository/com/fasterxml/jackson/module/jackson-module-parameter-names/2.9.7/jackson-module-parameter-names-2.9.7.jar:/Users/rajeevalochanyagati/.m2/repository/org/springframework/boot/spring-boot-starter-tomcat/2.0.6.RELEASE/spring-boot-starter-tomcat-2.0.6.RELEASE.jar:/Users/rajeevalochanyagati/.m2/repository/org/apache/tomcat/embed/tomcat-embed-core/8.5.34/tomcat-embed-core-8.5.34.jar:/Users/rajeevalochanyagati/.m2/repository/org/apache/tomcat/embed/tomcat-embed-el/8.5.34/tomcat-embed-el-8.5.34.jar:/Users/rajeevalochanyagati/.m2/repository/org/apache/tomcat/embed/tomcat-embed-websocket/8.5.34/tomcat-embed-websocket-8.5.34.jar:/Users/rajeevalochanyagati/.m2/repository/org/hibernate/validator/hibernate-validator/6.0.13.Final/hibernate-validator-6.0.13.Final.jar:/Users/rajeevalochanyagati/.m2/repository/javax/validation/validation-api/2.0.1.Final/validation-api-2.0.1.Final.jar:/Users/rajeevalochanyagati/.m2/repository/org/jboss/logging/jboss-logging/3.3.2.Final/jboss-logging-3.3.2.Final.jar:/Users/rajeevalochanyagati/.m2/repository/com/fasterxml/classmate/1.3.4/classmate-1.3.4.jar:/Users/rajeevalochanyagati/.m2/repository/org/springframework/spring-web/5.0.10.RELEASE/spring-web-5.0.10.RELEASE.jar:/Users/rajeevalochanyagati/.m2/repository/org/springframework/spring-webmvc/5.0.10.RELEASE/spring-webmvc-5.0.10.RELEASE.jar:/Users/rajeevalochanyagati/.m2/repository/org/springframework/boot/spring-boot-starter-data-jpa/2.0.6.RELEASE/spring-boot-starter-data-jpa-2.0.6.RELEASE.jar:/Users/rajeevalochanyagati/.m2/repository/org/springframework/boot/spring-boot-starter-aop/2.0.6.RELEASE/spring-boot-starter-aop-2.0.6.RELEASE.jar:/Users/rajeevalochanyagati/.m2/repository/org/aspectj/aspectjweaver/1.8.13/aspectjweaver-1.8.13.jar:/Users/rajeevalochanyagati/.m2/repository/org/springframework/boot/spring-boot-starter-jdbc/2.0.6.RELEASE/spring-boot-starter-jdbc-2.0.6.RELEASE.jar:/Users/rajeevalochanyagati/.m2/repository/com/zaxxer/HikariCP/2.7.9/HikariCP-2.7.9.jar:/Users/rajeevalochanyagati/.m2/repository/org/springframework/spring-jdbc/5.0.10.RELEASE/spring-jdbc-5.0.10.RELEASE.jar:/Users/rajeevalochanyagati/.m2/repository/javax/transaction/javax.transaction-api/1.2/javax.transaction-api-1.2.jar:/Users/rajeevalochanyagati/.m2/repository/org/hibernate/hibernate-core/5.2.17.Final/hibernate-core-5.2.17.Final.jar:/Users/rajeevalochanyagati/.m2/repository/org/hibernate/javax/persistence/hibernate-jpa-2.1-api/1.0.2.Final/hibernate-jpa-2.1-api-1.0.2.Final.jar:/Users/rajeevalochanyagati/.m2/repository/org/javassist/javassist/3.22.0-GA/javassist-3.22.0-GA.jar:/Users/rajeevalochanyagati/.m2/repository/antlr/antlr/2.7.7/antlr-2.7.7.jar:/Users/rajeevalochanyagati/.m2/repository/org/jboss/jandex/2.0.3.Final/jandex-2.0.3.Final.jar:/Users/rajeevalochanyagati/.m2/repository/dom4j/dom4j/1.6.1/dom4j-1.6.1.jar:/Users/rajeevalochanyagati/.m2/repository/org/hibernate/common/hibernate-commons-annotations/5.0.1.Final/hibernate-commons-annotations-5.0.1.Final.jar:/Users/rajeevalochanyagati/.m2/repository/org/springframework/data/spring-data-jpa/2.0.11.RELEASE/spring-data-jpa-2.0.11.RELEASE.jar:/Users/rajeevalochanyagati/.m2/repository/org/springframework/spring-orm/5.0.10.RELEASE/spring-orm-5.0.10.RELEASE.jar:/Users/rajeevalochanyagati/.m2/repository/org/springframework/spring-aspects/5.0.10.RELEASE/spring-aspects-5.0.10.RELEASE.jar:/Users/rajeevalochanyagati/.m2/repository/org/springframework/boot/spring-boot-starter-webflux/2.0.6.RELEASE/spring-boot-starter-webflux-2.0.6.RELEASE.jar:/Users/rajeevalochanyagati/.m2/repository/org/springframework/boot/spring-boot-starter-reactor-netty/2.0.6.RELEASE/spring-boot-starter-reactor-netty-2.0.6.RELEASE.jar:/Users/rajeevalochanyagati/.m2/repository/io/projectreactor/ipc/reactor-netty/0.7.10.RELEASE/reactor-netty-0.7.10.RELEASE.jar:/Users/rajeevalochanyagati/.m2/repository/io/netty/netty-codec-http/4.1.29.Final/netty-codec-http-4.1.29.Final.jar:/Users/rajeevalochanyagati/.m2/repository/io/netty/netty-codec/4.1.29.Final/netty-codec-4.1.29.Final.jar:/Users/rajeevalochanyagati/.m2/repository/io/netty/netty-handler/4.1.29.Final/netty-handler-4.1.29.Final.jar:/Users/rajeevalochanyagati/.m2/repository/io/netty/netty-buffer/4.1.29.Final/netty-buffer-4.1.29.Final.jar:/Users/rajeevalochanyagati/.m2/repository/io/netty/netty-transport/4.1.29.Final/netty-transport-4.1.29.Final.jar:/Users/rajeevalochanyagati/.m2/repository/io/netty/netty-resolver/4.1.29.Final/netty-resolver-4.1.29.Final.jar:/Users/rajeevalochanyagati/.m2/repository/io/netty/netty-handler-proxy/4.1.29.Final/netty-handler-proxy-4.1.29.Final.jar:/Users/rajeevalochanyagati/.m2/repository/io/netty/netty-codec-socks/4.1.29.Final/netty-codec-socks-4.1.29.Final.jar:/Users/rajeevalochanyagati/.m2/repository/io/netty/netty-transport-native-epoll/4.1.29.Final/netty-transport-native-epoll-4.1.29.Final-linux-x86_64.jar:/Users/rajeevalochanyagati/.m2/repository/io/netty/netty-common/4.1.29.Final/netty-common-4.1.29.Final.jar:/Users/rajeevalochanyagati/.m2/repository/io/netty/netty-transport-native-unix-common/4.1.29.Final/netty-transport-native-unix-common-4.1.29.Final.jar:/Users/rajeevalochanyagati/.m2/repository/org/springframework/spring-webflux/5.0.10.RELEASE/spring-webflux-5.0.10.RELEASE.jar:/Users/rajeevalochanyagati/.m2/repository/org/synchronoss/cloud/nio-multipart-parser/1.1.0/nio-multipart-parser-1.1.0.jar:/Users/rajeevalochanyagati/.m2/repository/org/synchronoss/cloud/nio-stream-storage/1.1.3/nio-stream-storage-1.1.3.jar:/Users/rajeevalochanyagati/.m2/repository/org/springframework/boot/spring-boot-starter-security/2.0.6.RELEASE/spring-boot-starter-security-2.0.6.RELEASE.jar:/Users/rajeevalochanyagati/.m2/repository/org/springframework/spring-aop/5.0.10.RELEASE/spring-aop-5.0.10.RELEASE.jar:/Users/rajeevalochanyagati/.m2/repository/org/springframework/security/spring-security-config/5.0.9.RELEASE/spring-security-config-5.0.9.RELEASE.jar:/Users/rajeevalochanyagati/.m2/repository/org/springframework/security/spring-security-core/5.0.9.RELEASE/spring-security-core-5.0.9.RELEASE.jar:/Users/rajeevalochanyagati/.m2/repository/org/springframework/security/spring-security-web/5.0.9.RELEASE/spring-security-web-5.0.9.RELEASE.jar:/Users/rajeevalochanyagati/.m2/repository/org/apache/httpcomponents/httpclient/4.5/httpclient-4.5.jar:/Users/rajeevalochanyagati/.m2/repository/org/apache/httpcomponents/httpcore/4.4.10/httpcore-4.4.10.jar:/Users/rajeevalochanyagati/.m2/repository/commons-codec/commons-codec/1.11/commons-codec-1.11.jar:/Users/rajeevalochanyagati/.m2/repository/org/tuckey/urlrewritefilter/4.0.3/urlrewritefilter-4.0.3.jar:/Users/rajeevalochanyagati/.m2/repository/net/sf/jasperreports/jasperreports/6.5.1/jasperreports-6.5.1.jar:/Users/rajeevalochanyagati/.m2/repository/commons-beanutils/commons-beanutils/1.9.3/commons-beanutils-1.9.3.jar:/Users/rajeevalochanyagati/.m2/repository/commons-collections/commons-collections/3.2.2/commons-collections-3.2.2.jar:/Users/rajeevalochanyagati/.m2/repository/commons-digester/commons-digester/2.1/commons-digester-2.1.jar:/Users/rajeevalochanyagati/.m2/repository/commons-logging/commons-logging/1.1.1/commons-logging-1.1.1.jar:/Users/rajeevalochanyagati/.m2/repository/com/lowagie/itext/2.1.7.js6/itext-2.1.7.js6.jar:/Users/rajeevalochanyagati/.m2/repository/org/bouncycastle/bcprov-jdk15on/1.52/bcprov-jdk15on-1.52.jar:/Users/rajeevalochanyagati/.m2/repository/org/jfree/jcommon/1.0.23/jcommon-1.0.23.jar:/Users/rajeevalochanyagati/.m2/repository/org/jfree/jfreechart/1.0.19/jfreechart-1.0.19.jar:/Users/rajeevalochanyagati/.m2/repository/org/eclipse/jdt/core/compiler/ecj/4.4.2/ecj-4.4.2.jar:/Users/rajeevalochanyagati/.m2/repository/org/codehaus/castor/castor-xml/1.3.3/castor-xml-1.3.3.jar:/Users/rajeevalochanyagati/.m2/repository/org/codehaus/castor/castor-core/1.3.3/castor-core-1.3.3.jar:/Users/rajeevalochanyagati/.m2/repository/commons-lang/commons-lang/2.6/commons-lang-2.6.jar:/Users/rajeevalochanyagati/.m2/repository/javax/inject/javax.inject/1/javax.inject-1.jar:/Users/rajeevalochanyagati/.m2/repository/stax/stax/1.2.0/stax-1.2.0.jar:/Users/rajeevalochanyagati/.m2/repository/stax/stax-api/1.0.1/stax-api-1.0.1.jar:/Users/rajeevalochanyagati/.m2/repository/javax/xml/stream/stax-api/1.0-2/stax-api-1.0-2.jar:/Users/rajeevalochanyagati/.m2/repository/com/fasterxml/jackson/core/jackson-core/2.9.7/jackson-core-2.9.7.jar:/Users/rajeevalochanyagati/.m2/repository/com/fasterxml/jackson/core/jackson-databind/2.9.7/jackson-databind-2.9.7.jar:/Users/rajeevalochanyagati/.m2/repository/com/fasterxml/jackson/core/jackson-annotations/2.9.0/jackson-annotations-2.9.0.jar:/Users/rajeevalochanyagati/.m2/repository/org/apache/lucene/lucene-core/4.5.1/lucene-core-4.5.1.jar:/Users/rajeevalochanyagati/.m2/repository/org/apache/lucene/lucene-analyzers-common/4.5.1/lucene-analyzers-common-4.5.1.jar:/Users/rajeevalochanyagati/.m2/repository/org/apache/lucene/lucene-queryparser/4.5.1/lucene-queryparser-4.5.1.jar:/Users/rajeevalochanyagati/.m2/repository/org/apache/lucene/lucene-queries/4.5.1/lucene-queries-4.5.1.jar:/Users/rajeevalochanyagati/.m2/repository/org/apache/lucene/lucene-sandbox/4.5.1/lucene-sandbox-4.5.1.jar:/Users/rajeevalochanyagati/.m2/repository/jakarta-regexp/jakarta-regexp/1.4/jakarta-regexp-1.4.jar:/Users/rajeevalochanyagati/.m2/repository/org/olap4j/olap4j/0.9.7.309-JS-3/olap4j-0.9.7.309-JS-3.jar:/Users/rajeevalochanyagati/.m2/repository/com/google/zxing/core/3.2.1/core-3.2.1.jar:/Users/rajeevalochanyagati/.m2/repository/com/ibm/icu/icu4j/57.1/icu4j-57.1.jar:/Users/rajeevalochanyagati/.m2/repository/io/jsonwebtoken/jjwt/0.9.0/jjwt-0.9.0.jar:/Users/rajeevalochanyagati/.m2/repository/javax/xml/bind/jaxb-api/2.3.1/jaxb-api-2.3.1.jar:/Users/rajeevalochanyagati/.m2/repository/javax/activation/javax.activation-api/1.2.0/javax.activation-api-1.2.0.jar:/Users/rajeevalochanyagati/.m2/repository/com/sun/xml/bind/jaxb-core/2.3.0/jaxb-core-2.3.0.jar:/Users/rajeevalochanyagati/.m2/repository/com/sun/xml/bind/jaxb-impl/2.3.1/jaxb-impl-2.3.1.jar:/Users/rajeevalochanyagati/.m2/repository/javax/activation/activation/1.1.1/activation-1.1.1.jar:/Users/rajeevalochanyagati/.m2/repository/mysql/mysql-connector-java/5.1.6/mysql-connector-java-5.1.6.jar:/Users/rajeevalochanyagati/.m2/repository/org/springframework/boot/spring-boot-starter-test/2.0.6.RELEASE/spring-boot-starter-test-2.0.6.RELEASE.jar:/Users/rajeevalochanyagati/.m2/repository/org/springframework/boot/spring-boot-test/2.0.6.RELEASE/spring-boot-test-2.0.6.RELEASE.jar:/Users/rajeevalochanyagati/.m2/repository/org/springframework/boot/spring-boot-test-autoconfigure/2.0.6.RELEASE/spring-boot-test-autoconfigure-2.0.6.RELEASE.jar:/Users/rajeevalochanyagati/.m2/repository/com/jayway/jsonpath/json-path/2.4.0/json-path-2.4.0.jar:/Users/rajeevalochanyagati/.m2/repository/net/minidev/json-smart/2.3/json-smart-2.3.jar:/Users/rajeevalochanyagati/.m2/repository/net/minidev/accessors-smart/1.2/accessors-smart-1.2.jar:/Users/rajeevalochanyagati/.m2/repository/org/ow2/asm/asm/5.0.4/asm-5.0.4.jar:/Users/rajeevalochanyagati/.m2/repository/org/assertj/assertj-core/3.9.1/assertj-core-3.9.1.jar:/Users/rajeevalochanyagati/.m2/repository/org/mockito/mockito-core/2.15.0/mockito-core-2.15.0.jar:/Users/rajeevalochanyagati/.m2/repository/net/bytebuddy/byte-buddy/1.7.11/byte-buddy-1.7.11.jar:/Users/rajeevalochanyagati/.m2/repository/net/bytebuddy/byte-buddy-agent/1.7.11/byte-buddy-agent-1.7.11.jar:/Users/rajeevalochanyagati/.m2/repository/org/objenesis/objenesis/2.6/objenesis-2.6.jar:/Users/rajeevalochanyagati/.m2/repository/org/hamcrest/hamcrest-core/1.3/hamcrest-core-1.3.jar:/Users/rajeevalochanyagati/.m2/repository/org/hamcrest/hamcrest-library/1.3/hamcrest-library-1.3.jar:/Users/rajeevalochanyagati/.m2/repository/org/skyscreamer/jsonassert/1.5.0/jsonassert-1.5.0.jar:/Users/rajeevalochanyagati/.m2/repository/com/vaadin/external/google/android-json/0.0.20131108.vaadin1/android-json-0.0.20131108.vaadin1.jar:/Users/rajeevalochanyagati/.m2/repository/org/springframework/spring-core/5.0.10.RELEASE/spring-core-5.0.10.RELEASE.jar:/Users/rajeevalochanyagati/.m2/repository/org/springframework/spring-jcl/5.0.10.RELEASE/spring-jcl-5.0.10.RELEASE.jar:/Users/rajeevalochanyagati/.m2/repository/org/springframework/spring-test/5.0.10.RELEASE/spring-test-5.0.10.RELEASE.jar:/Users/rajeevalochanyagati/.m2/repository/org/xmlunit/xmlunit-core/2.5.1/xmlunit-core-2.5.1.jar:/Users/rajeevalochanyagati/.m2/repository/org/projectlombok/lombok/1.16.20/lombok-1.16.20.jar:/Users/rajeevalochanyagati/.m2/repository/org/apache/commons/commons-lang3/3.5/commons-lang3-3.5.jar:/Users/rajeevalochanyagati/.m2/repository/org/codehaus/jackson/jackson-mapper-asl/1.5.0/jackson-mapper-asl-1.5.0.jar:/Users/rajeevalochanyagati/.m2/repository/org/codehaus/jackson/jackson-core-asl/1.5.0/jackson-core-asl-1.5.0.jar:/Users/rajeevalochanyagati/.m2/repository/junit/junit/3.8.1/junit-3.8.1.jar:"/>
    <property name="java.vm.vendor" value="Oracle Corporation"/>
    <property name="sun.arch.data.model" value="64"/>
    <property name="java.vendor.url" value="http://java.oracle.com/"/>
    <property name="user.timezone" value=""/>
    <property name="java.vm.specification.version" value="1.8"/>
    <property name="os.name" value="Mac OS X"/>
    <property name="user.country" value="US"/>
    <property name="sun.java.launcher" value="SUN_STANDARD"/>
    <property name="sun.boot.library.path" value="/Library/Java/JavaVirtualMachines/jdk1.8.0_102.jdk/Contents/Home/jre/lib"/>
    <property name="sun.java.command" value="/Users/rajeevalochanyagati/eclipse-workspace/payroll-spring-backend/target/surefire/surefirebooter5993803846432889253.jar /Users/rajeevalochanyagati/eclipse-workspace/payroll-spring-backend/target/surefire 2018-11-26T22-57-08_058-jvmRun1 surefire4858720788898110562tmp surefire_0595654130238746179tmp"/>
    <property name="http.nonProxyHosts" value="local|*.local|169.254/16|*.169.254/16|129.154.82.162"/>
    <property name="surefire.test.class.path" value="/Users/rajeevalochanyagati/eclipse-workspace/payroll-spring-backend/target/test-classes:/Users/rajeevalochanyagati/eclipse-workspace/payroll-spring-backend/target/classes:/Users/rajeevalochanyagati/.m2/repository/org/springframework/boot/spring-boot-starter-data-mongodb-reactive/2.0.6.RELEASE/spring-boot-starter-data-mongodb-reactive-2.0.6.RELEASE.jar:/Users/rajeevalochanyagati/.m2/repository/org/springframework/boot/spring-boot-starter/2.0.6.RELEASE/spring-boot-starter-2.0.6.RELEASE.jar:/Users/rajeevalochanyagati/.m2/repository/org/springframework/boot/spring-boot/2.0.6.RELEASE/spring-boot-2.0.6.RELEASE.jar:/Users/rajeevalochanyagati/.m2/repository/org/springframework/boot/spring-boot-autoconfigure/2.0.6.RELEASE/spring-boot-autoconfigure-2.0.6.RELEASE.jar:/Users/rajeevalochanyagati/.m2/repository/org/springframework/boot/spring-boot-starter-logging/2.0.6.RELEASE/spring-boot-starter-logging-2.0.6.RELEASE.jar:/Users/rajeevalochanyagati/.m2/repository/ch/qos/logback/logback-classic/1.2.3/logback-classic-1.2.3.jar:/Users/rajeevalochanyagati/.m2/repository/ch/qos/logback/logback-core/1.2.3/logback-core-1.2.3.jar:/Users/rajeevalochanyagati/.m2/repository/org/apache/logging/log4j/log4j-to-slf4j/2.10.0/log4j-to-slf4j-2.10.0.jar:/Users/rajeevalochanyagati/.m2/repository/org/apache/logging/log4j/log4j-api/2.10.0/log4j-api-2.10.0.jar:/Users/rajeevalochanyagati/.m2/repository/org/slf4j/jul-to-slf4j/1.7.25/jul-to-slf4j-1.7.25.jar:/Users/rajeevalochanyagati/.m2/repository/javax/annotation/javax.annotation-api/1.3.2/javax.annotation-api-1.3.2.jar:/Users/rajeevalochanyagati/.m2/repository/org/yaml/snakeyaml/1.19/snakeyaml-1.19.jar:/Users/rajeevalochanyagati/.m2/repository/org/springframework/data/spring-data-mongodb/2.0.11.RELEASE/spring-data-mongodb-2.0.11.RELEASE.jar:/Users/rajeevalochanyagati/.m2/repository/org/springframework/spring-tx/5.0.10.RELEASE/spring-tx-5.0.10.RELEASE.jar:/Users/rajeevalochanyagati/.m2/repository/org/springframework/spring-context/5.0.10.RELEASE/spring-context-5.0.10.RELEASE.jar:/Users/rajeevalochanyagati/.m2/repository/org/springframework/spring-beans/5.0.10.RELEASE/spring-beans-5.0.10.RELEASE.jar:/Users/rajeevalochanyagati/.m2/repository/org/springframework/spring-expression/5.0.10.RELEASE/spring-expression-5.0.10.RELEASE.jar:/Users/rajeevalochanyagati/.m2/repository/org/springframework/data/spring-data-commons/2.0.11.RELEASE/spring-data-commons-2.0.11.RELEASE.jar:/Users/rajeevalochanyagati/.m2/repository/org/slf4j/slf4j-api/1.7.25/slf4j-api-1.7.25.jar:/Users/rajeevalochanyagati/.m2/repository/org/mongodb/mongodb-driver/3.6.4/mongodb-driver-3.6.4.jar:/Users/rajeevalochanyagati/.m2/repository/org/mongodb/bson/3.6.4/bson-3.6.4.jar:/Users/rajeevalochanyagati/.m2/repository/org/mongodb/mongodb-driver-core/3.6.4/mongodb-driver-core-3.6.4.jar:/Users/rajeevalochanyagati/.m2/repository/org/mongodb/mongodb-driver-async/3.6.4/mongodb-driver-async-3.6.4.jar:/Users/rajeevalochanyagati/.m2/repository/org/mongodb/mongodb-driver-reactivestreams/1.7.1/mongodb-driver-reactivestreams-1.7.1.jar:/Users/rajeevalochanyagati/.m2/repository/org/reactivestreams/reactive-streams/1.0.2/reactive-streams-1.0.2.jar:/Users/rajeevalochanyagati/.m2/repository/io/projectreactor/reactor-core/3.1.10.RELEASE/reactor-core-3.1.10.RELEASE.jar:/Users/rajeevalochanyagati/.m2/repository/org/springframework/boot/spring-boot-starter-web/2.0.6.RELEASE/spring-boot-starter-web-2.0.6.RELEASE.jar:/Users/rajeevalochanyagati/.m2/repository/org/springframework/boot/spring-boot-starter-json/2.0.6.RELEASE/spring-boot-starter-json-2.0.6.RELEASE.jar:/Users/rajeevalochanyagati/.m2/repository/com/fasterxml/jackson/datatype/jackson-datatype-jdk8/2.9.7/jackson-datatype-jdk8-2.9.7.jar:/Users/rajeevalochanyagati/.m2/repository/com/fasterxml/jackson/datatype/jackson-datatype-jsr310/2.9.7/jackson-datatype-jsr310-2.9.7.jar:/Users/rajeevalochanyagati/.m2/repository/com/fasterxml/jackson/module/jackson-module-parameter-names/2.9.7/jackson-module-parameter-names-2.9.7.jar:/Users/rajeevalochanyagati/.m2/repository/org/springframework/boot/spring-boot-starter-tomcat/2.0.6.RELEASE/spring-boot-starter-tomcat-2.0.6.RELEASE.jar:/Users/rajeevalochanyagati/.m2/repository/org/apache/tomcat/embed/tomcat-embed-core/8.5.34/tomcat-embed-core-8.5.34.jar:/Users/rajeevalochanyagati/.m2/repository/org/apache/tomcat/embed/tomcat-embed-el/8.5.34/tomcat-embed-el-8.5.34.jar:/Users/rajeevalochanyagati/.m2/repository/org/apache/tomcat/embed/tomcat-embed-websocket/8.5.34/tomcat-embed-websocket-8.5.34.jar:/Users/rajeevalochanyagati/.m2/repository/org/hibernate/validator/hibernate-validator/6.0.13.Final/hibernate-validator-6.0.13.Final.jar:/Users/rajeevalochanyagati/.m2/repository/javax/validation/validation-api/2.0.1.Final/validation-api-2.0.1.Final.jar:/Users/rajeevalochanyagati/.m2/repository/org/jboss/logging/jboss-logging/3.3.2.Final/jboss-logging-3.3.2.Final.jar:/Users/rajeevalochanyagati/.m2/repository/com/fasterxml/classmate/1.3.4/classmate-1.3.4.jar:/Users/rajeevalochanyagati/.m2/repository/org/springframework/spring-web/5.0.10.RELEASE/spring-web-5.0.10.RELEASE.jar:/Users/rajeevalochanyagati/.m2/repository/org/springframework/spring-webmvc/5.0.10.RELEASE/spring-webmvc-5.0.10.RELEASE.jar:/Users/rajeevalochanyagati/.m2/repository/org/springframework/boot/spring-boot-starter-data-jpa/2.0.6.RELEASE/spring-boot-starter-data-jpa-2.0.6.RELEASE.jar:/Users/rajeevalochanyagati/.m2/repository/org/springframework/boot/spring-boot-starter-aop/2.0.6.RELEASE/spring-boot-starter-aop-2.0.6.RELEASE.jar:/Users/rajeevalochanyagati/.m2/repository/org/aspectj/aspectjweaver/1.8.13/aspectjweaver-1.8.13.jar:/Users/rajeevalochanyagati/.m2/repository/org/springframework/boot/spring-boot-starter-jdbc/2.0.6.RELEASE/spring-boot-starter-jdbc-2.0.6.RELEASE.jar:/Users/rajeevalochanyagati/.m2/repository/com/zaxxer/HikariCP/2.7.9/HikariCP-2.7.9.jar:/Users/rajeevalochanyagati/.m2/repository/org/springframework/spring-jdbc/5.0.10.RELEASE/spring-jdbc-5.0.10.RELEASE.jar:/Users/rajeevalochanyagati/.m2/repository/javax/transaction/javax.transaction-api/1.2/javax.transaction-api-1.2.jar:/Users/rajeevalochanyagati/.m2/repository/org/hibernate/hibernate-core/5.2.17.Final/hibernate-core-5.2.17.Final.jar:/Users/rajeevalochanyagati/.m2/repository/org/hibernate/javax/persistence/hibernate-jpa-2.1-api/1.0.2.Final/hibernate-jpa-2.1-api-1.0.2.Final.jar:/Users/rajeevalochanyagati/.m2/repository/org/javassist/javassist/3.22.0-GA/javassist-3.22.0-GA.jar:/Users/rajeevalochanyagati/.m2/repository/antlr/antlr/2.7.7/antlr-2.7.7.jar:/Users/rajeevalochanyagati/.m2/repository/org/jboss/jandex/2.0.3.Final/jandex-2.0.3.Final.jar:/Users/rajeevalochanyagati/.m2/repository/dom4j/dom4j/1.6.1/dom4j-1.6.1.jar:/Users/rajeevalochanyagati/.m2/repository/org/hibernate/common/hibernate-commons-annotations/5.0.1.Final/hibernate-commons-annotations-5.0.1.Final.jar:/Users/rajeevalochanyagati/.m2/repository/org/springframework/data/spring-data-jpa/2.0.11.RELEASE/spring-data-jpa-2.0.11.RELEASE.jar:/Users/rajeevalochanyagati/.m2/repository/org/springframework/spring-orm/5.0.10.RELEASE/spring-orm-5.0.10.RELEASE.jar:/Users/rajeevalochanyagati/.m2/repository/org/springframework/spring-aspects/5.0.10.RELEASE/spring-aspects-5.0.10.RELEASE.jar:/Users/rajeevalochanyagati/.m2/repository/org/springframework/boot/spring-boot-starter-webflux/2.0.6.RELEASE/spring-boot-starter-webflux-2.0.6.RELEASE.jar:/Users/rajeevalochanyagati/.m2/repository/org/springframework/boot/spring-boot-starter-reactor-netty/2.0.6.RELEASE/spring-boot-starter-reactor-netty-2.0.6.RELEASE.jar:/Users/rajeevalochanyagati/.m2/repository/io/projectreactor/ipc/reactor-netty/0.7.10.RELEASE/reactor-netty-0.7.10.RELEASE.jar:/Users/rajeevalochanyagati/.m2/repository/io/netty/netty-codec-http/4.1.29.Final/netty-codec-http-4.1.29.Final.jar:/Users/rajeevalochanyagati/.m2/repository/io/netty/netty-codec/4.1.29.Final/netty-codec-4.1.29.Final.jar:/Users/rajeevalochanyagati/.m2/repository/io/netty/netty-handler/4.1.29.Final/netty-handler-4.1.29.Final.jar:/Users/rajeevalochanyagati/.m2/repository/io/netty/netty-buffer/4.1.29.Final/netty-buffer-4.1.29.Final.jar:/Users/rajeevalochanyagati/.m2/repository/io/netty/netty-transport/4.1.29.Final/netty-transport-4.1.29.Final.jar:/Users/rajeevalochanyagati/.m2/repository/io/netty/netty-resolver/4.1.29.Final/netty-resolver-4.1.29.Final.jar:/Users/rajeevalochanyagati/.m2/repository/io/netty/netty-handler-proxy/4.1.29.Final/netty-handler-proxy-4.1.29.Final.jar:/Users/rajeevalochanyagati/.m2/repository/io/netty/netty-codec-socks/4.1.29.Final/netty-codec-socks-4.1.29.Final.jar:/Users/rajeevalochanyagati/.m2/repository/io/netty/netty-transport-native-epoll/4.1.29.Final/netty-transport-native-epoll-4.1.29.Final-linux-x86_64.jar:/Users/rajeevalochanyagati/.m2/repository/io/netty/netty-common/4.1.29.Final/netty-common-4.1.29.Final.jar:/Users/rajeevalochanyagati/.m2/repository/io/netty/netty-transport-native-unix-common/4.1.29.Final/netty-transport-native-unix-common-4.1.29.Final.jar:/Users/rajeevalochanyagati/.m2/repository/org/springframework/spring-webflux/5.0.10.RELEASE/spring-webflux-5.0.10.RELEASE.jar:/Users/rajeevalochanyagati/.m2/repository/org/synchronoss/cloud/nio-multipart-parser/1.1.0/nio-multipart-parser-1.1.0.jar:/Users/rajeevalochanyagati/.m2/repository/org/synchronoss/cloud/nio-stream-storage/1.1.3/nio-stream-storage-1.1.3.jar:/Users/rajeevalochanyagati/.m2/repository/org/springframework/boot/spring-boot-starter-security/2.0.6.RELEASE/spring-boot-starter-security-2.0.6.RELEASE.jar:/Users/rajeevalochanyagati/.m2/repository/org/springframework/spring-aop/5.0.10.RELEASE/spring-aop-5.0.10.RELEASE.jar:/Users/rajeevalochanyagati/.m2/repository/org/springframework/security/spring-security-config/5.0.9.RELEASE/spring-security-config-5.0.9.RELEASE.jar:/Users/rajeevalochanyagati/.m2/repository/org/springframework/security/spring-security-core/5.0.9.RELEASE/spring-security-core-5.0.9.RELEASE.jar:/Users/rajeevalochanyagati/.m2/repository/org/springframework/security/spring-security-web/5.0.9.RELEASE/spring-security-web-5.0.9.RELEASE.jar:/Users/rajeevalochanyagati/.m2/repository/org/apache/httpcomponents/httpclient/4.5/httpclient-4.5.jar:/Users/rajeevalochanyagati/.m2/repository/org/apache/httpcomponents/httpcore/4.4.10/httpcore-4.4.10.jar:/Users/rajeevalochanyagati/.m2/repository/commons-codec/commons-codec/1.11/commons-codec-1.11.jar:/Users/rajeevalochanyagati/.m2/repository/org/tuckey/urlrewritefilter/4.0.3/urlrewritefilter-4.0.3.jar:/Users/rajeevalochanyagati/.m2/repository/net/sf/jasperreports/jasperreports/6.5.1/jasperreports-6.5.1.jar:/Users/rajeevalochanyagati/.m2/repository/commons-beanutils/commons-beanutils/1.9.3/commons-beanutils-1.9.3.jar:/Users/rajeevalochanyagati/.m2/repository/commons-collections/commons-collections/3.2.2/commons-collections-3.2.2.jar:/Users/rajeevalochanyagati/.m2/repository/commons-digester/commons-digester/2.1/commons-digester-2.1.jar:/Users/rajeevalochanyagati/.m2/repository/commons-logging/commons-logging/1.1.1/commons-logging-1.1.1.jar:/Users/rajeevalochanyagati/.m2/repository/com/lowagie/itext/2.1.7.js6/itext-2.1.7.js6.jar:/Users/rajeevalochanyagati/.m2/repository/org/bouncycastle/bcprov-jdk15on/1.52/bcprov-jdk15on-1.52.jar:/Users/rajeevalochanyagati/.m2/repository/org/jfree/jcommon/1.0.23/jcommon-1.0.23.jar:/Users/rajeevalochanyagati/.m2/repository/org/jfree/jfreechart/1.0.19/jfreechart-1.0.19.jar:/Users/rajeevalochanyagati/.m2/repository/org/eclipse/jdt/core/compiler/ecj/4.4.2/ecj-4.4.2.jar:/Users/rajeevalochanyagati/.m2/repository/org/codehaus/castor/castor-xml/1.3.3/castor-xml-1.3.3.jar:/Users/rajeevalochanyagati/.m2/repository/org/codehaus/castor/castor-core/1.3.3/castor-core-1.3.3.jar:/Users/rajeevalochanyagati/.m2/repository/commons-lang/commons-lang/2.6/commons-lang-2.6.jar:/Users/rajeevalochanyagati/.m2/repository/javax/inject/javax.inject/1/javax.inject-1.jar:/Users/rajeevalochanyagati/.m2/repository/stax/stax/1.2.0/stax-1.2.0.jar:/Users/rajeevalochanyagati/.m2/repository/stax/stax-api/1.0.1/stax-api-1.0.1.jar:/Users/rajeevalochanyagati/.m2/repository/javax/xml/stream/stax-api/1.0-2/stax-api-1.0-2.jar:/Users/rajeevalochanyagati/.m2/repository/com/fasterxml/jackson/core/jackson-core/2.9.7/jackson-core-2.9.7.jar:/Users/rajeevalochanyagati/.m2/repository/com/fasterxml/jackson/core/jackson-databind/2.9.7/jackson-databind-2.9.7.jar:/Users/rajeevalochanyagati/.m2/repository/com/fasterxml/jackson/core/jackson-annotations/2.9.0/jackson-annotations-2.9.0.jar:/Users/rajeevalochanyagati/.m2/repository/org/apache/lucene/lucene-core/4.5.1/lucene-core-4.5.1.jar:/Users/rajeevalochanyagati/.m2/repository/org/apache/lucene/lucene-analyzers-common/4.5.1/lucene-analyzers-common-4.5.1.jar:/Users/rajeevalochanyagati/.m2/repository/org/apache/lucene/lucene-queryparser/4.5.1/lucene-queryparser-4.5.1.jar:/Users/rajeevalochanyagati/.m2/repository/org/apache/lucene/lucene-queries/4.5.1/lucene-queries-4.5.1.jar:/Users/rajeevalochanyagati/.m2/repository/org/apache/lucene/lucene-sandbox/4.5.1/lucene-sandbox-4.5.1.jar:/Users/rajeevalochanyagati/.m2/repository/jakarta-regexp/jakarta-regexp/1.4/jakarta-regexp-1.4.jar:/Users/rajeevalochanyagati/.m2/repository/org/olap4j/olap4j/0.9.7.309-JS-3/olap4j-0.9.7.309-JS-3.jar:/Users/rajeevalochanyagati/.m2/repository/com/google/zxing/core/3.2.1/core-3.2.1.jar:/Users/rajeevalochanyagati/.m2/repository/com/ibm/icu/icu4j/57.1/icu4j-57.1.jar:/Users/rajeevalochanyagati/.m2/repository/io/jsonwebtoken/jjwt/0.9.0/jjwt-0.9.0.jar:/Users/rajeevalochanyagati/.m2/repository/javax/xml/bind/jaxb-api/2.3.1/jaxb-api-2.3.1.jar:/Users/rajeevalochanyagati/.m2/repository/javax/activation/javax.activation-api/1.2.0/javax.activation-api-1.2.0.jar:/Users/rajeevalochanyagati/.m2/repository/com/sun/xml/bind/jaxb-core/2.3.0/jaxb-core-2.3.0.jar:/Users/rajeevalochanyagati/.m2/repository/com/sun/xml/bind/jaxb-impl/2.3.1/jaxb-impl-2.3.1.jar:/Users/rajeevalochanyagati/.m2/repository/javax/activation/activation/1.1.1/activation-1.1.1.jar:/Users/rajeevalochanyagati/.m2/repository/mysql/mysql-connector-java/5.1.6/mysql-connector-java-5.1.6.jar:/Users/rajeevalochanyagati/.m2/repository/org/springframework/boot/spring-boot-starter-test/2.0.6.RELEASE/spring-boot-starter-test-2.0.6.RELEASE.jar:/Users/rajeevalochanyagati/.m2/repository/org/springframework/boot/spring-boot-test/2.0.6.RELEASE/spring-boot-test-2.0.6.RELEASE.jar:/Users/rajeevalochanyagati/.m2/repository/org/springframework/boot/spring-boot-test-autoconfigure/2.0.6.RELEASE/spring-boot-test-autoconfigure-2.0.6.RELEASE.jar:/Users/rajeevalochanyagati/.m2/repository/com/jayway/jsonpath/json-path/2.4.0/json-path-2.4.0.jar:/Users/rajeevalochanyagati/.m2/repository/net/minidev/json-smart/2.3/json-smart-2.3.jar:/Users/rajeevalochanyagati/.m2/repository/net/minidev/accessors-smart/1.2/accessors-smart-1.2.jar:/Users/rajeevalochanyagati/.m2/repository/org/ow2/asm/asm/5.0.4/asm-5.0.4.jar:/Users/rajeevalochanyagati/.m2/repository/org/assertj/assertj-core/3.9.1/assertj-core-3.9.1.jar:/Users/rajeevalochanyagati/.m2/repository/org/mockito/mockito-core/2.15.0/mockito-core-2.15.0.jar:/Users/rajeevalochanyagati/.m2/repository/net/bytebuddy/byte-buddy/1.7.11/byte-buddy-1.7.11.jar:/Users/rajeevalochanyagati/.m2/repository/net/bytebuddy/byte-buddy-agent/1.7.11/byte-buddy-agent-1.7.11.jar:/Users/rajeevalochanyagati/.m2/repository/org/objenesis/objenesis/2.6/objenesis-2.6.jar:/Users/rajeevalochanyagati/.m2/repository/org/hamcrest/hamcrest-core/1.3/hamcrest-core-1.3.jar:/Users/rajeevalochanyagati/.m2/repository/org/hamcrest/hamcrest-library/1.3/hamcrest-library-1.3.jar:/Users/rajeevalochanyagati/.m2/repository/org/skyscreamer/jsonassert/1.5.0/jsonassert-1.5.0.jar:/Users/rajeevalochanyagati/.m2/repository/com/vaadin/external/google/android-json/0.0.20131108.vaadin1/android-json-0.0.20131108.vaadin1.jar:/Users/rajeevalochanyagati/.m2/repository/org/springframework/spring-core/5.0.10.RELEASE/spring-core-5.0.10.RELEASE.jar:/Users/rajeevalochanyagati/.m2/repository/org/springframework/spring-jcl/5.0.10.RELEASE/spring-jcl-5.0.10.RELEASE.jar:/Users/rajeevalochanyagati/.m2/repository/org/springframework/spring-test/5.0.10.RELEASE/spring-test-5.0.10.RELEASE.jar:/Users/rajeevalochanyagati/.m2/repository/org/xmlunit/xmlunit-core/2.5.1/xmlunit-core-2.5.1.jar:/Users/rajeevalochanyagati/.m2/repository/org/projectlombok/lombok/1.16.20/lombok-1.16.20.jar:/Users/rajeevalochanyagati/.m2/repository/org/apache/commons/commons-lang3/3.5/commons-lang3-3.5.jar:/Users/rajeevalochanyagati/.m2/repository/org/codehaus/jackson/jackson-mapper-asl/1.5.0/jackson-mapper-asl-1.5.0.jar:/Users/rajeevalochanyagati/.m2/repository/org/codehaus/jackson/jackson-core-asl/1.5.0/jackson-core-asl-1.5.0.jar:/Users/rajeevalochanyagati/.m2/repository/junit/junit/3.8.1/junit-3.8.1.jar:"/>
    <property name="sun.cpu.endian" value="little"/>
    <property name="user.home" value="/Users/rajeevalochanyagati"/>
    <property name="user.language" value="en"/>
    <property name="java.specification.vendor" value="Oracle Corporation"/>
    <property name="java.home" value="/Library/Java/JavaVirtualMachines/jdk1.8.0_102.jdk/Contents/Home/jre"/>
    <property name="basedir" value="/Users/rajeevalochanyagati/eclipse-workspace/payroll-spring-backend"/>
    <property name="file.separator" value="/"/>
    <property name="line.separator" value="&#10;"/>
    <property name="java.vm.specification.vendor" value="Oracle Corporation"/>
    <property name="java.specification.name" value="Java Platform API Specification"/>
    <property name="java.awt.graphicsenv" value="sun.awt.CGraphicsEnvironment"/>
    <property name="surefire.real.class.path" value="/Users/rajeevalochanyagati/eclipse-workspace/payroll-spring-backend/target/surefire/surefirebooter5993803846432889253.jar"/>
    <property name="sun.boot.class.path" value="/Library/Java/JavaVirtualMachines/jdk1.8.0_102.jdk/Contents/Home/jre/lib/resources.jar:/Library/Java/JavaVirtualMachines/jdk1.8.0_102.jdk/Contents/Home/jre/lib/rt.jar:/Library/Java/JavaVirtualMachines/jdk1.8.0_102.jdk/Contents/Home/jre/lib/sunrsasign.jar:/Library/Java/JavaVirtualMachines/jdk1.8.0_102.jdk/Contents/Home/jre/lib/jsse.jar:/Library/Java/JavaVirtualMachines/jdk1.8.0_102.jdk/Contents/Home/jre/lib/jce.jar:/Library/Java/JavaVirtualMachines/jdk1.8.0_102.jdk/Contents/Home/jre/lib/charsets.jar:/Library/Java/JavaVirtualMachines/jdk1.8.0_102.jdk/Contents/Home/jre/lib/jfr.jar:/Library/Java/JavaVirtualMachines/jdk1.8.0_102.jdk/Contents/Home/jre/classes"/>
    <property name="sun.management.compiler" value="HotSpot 64-Bit Tiered Compilers"/>
    <property name="ftp.nonProxyHosts" value="local|*.local|169.254/16|*.169.254/16|129.154.82.162"/>
    <property name="java.runtime.version" value="1.8.0_102-b14"/>
    <property name="user.name" value="rajeevalochanyagati"/>
    <property name="path.separator" value=":"/>
    <property name="os.version" value="10.14"/>
    <property name="java.endorsed.dirs" value="/Library/Java/JavaVirtualMachines/jdk1.8.0_102.jdk/Contents/Home/jre/lib/endorsed"/>
    <property name="java.runtime.name" value="Java(TM) SE Runtime Environment"/>
    <property name="file.encoding" value="UTF-8"/>
    <property name="java.vm.name" value="Java HotSpot(TM) 64-Bit Server VM"/>
    <property name="localRepository" value="/Users/rajeevalochanyagati/.m2/repository"/>
    <property name="java.vendor.url.bug" value="http://bugreport.sun.com/bugreport/"/>
    <property name="java.io.tmpdir" value="/var/folders/s3/_v2g4r9s7js_vg3_4x1w5nsc0000gn/T/"/>
    <property name="java.version" value="1.8.0_102"/>
    <property name="user.dir" value="/Users/rajeevalochanyagati/eclipse-workspace/payroll-spring-backend"/>
    <property name="os.arch" value="x86_64"/>
    <property name="java.vm.specification.name" value="Java Virtual Machine Specification"/>
    <property name="java.awt.printerjob" value="sun.lwawt.macosx.CPrinterJob"/>
    <property name="sun.os.patch.level" value="unknown"/>
    <property name="java.library.path" value="/Users/rajeevalochanyagati/Library/Java/Extensions:/Library/Java/Extensions:/Network/Library/Java/Extensions:/System/Library/Java/Extensions:/usr/lib/java:."/>
    <property name="java.vm.info" value="mixed mode"/>
    <property name="java.vendor" value="Oracle Corporation"/>
    <property name="java.vm.version" value="25.102-b14"/>
    <property name="java.ext.dirs" value="/Users/rajeevalochanyagati/Library/Java/Extensions:/Library/Java/JavaVirtualMachines/jdk1.8.0_102.jdk/Contents/Home/jre/lib/ext:/Library/Java/Extensions:/Network/Library/Java/Extensions:/System/Library/Java/Extensions:/usr/lib/java"/>
    <property name="sun.io.unicode.encoding" value="UnicodeBig"/>
    <property name="java.class.version" value="52.0"/>
    <property name="socksNonProxyHosts" value="local|*.local|169.254/16|*.169.254/16|129.154.82.162"/>
  </properties>
  <testcase name="testApp" classname="com.valign.payroll_spring_backend.AppTest" time="0"/>
</testsuite>